Arguments: 
  C:\Program Files\nodejs\node.exe C:\projects\timer\node_modules\yarn\bin\yarn.js add typescript

PATH: 
  C:\Program Files\Git\mingw64\bin;C:\Program Files\Git\usr\bin;C:\Users\under\bin;C:\projects\timer\node_modules\.bin;C:\Program Files (x86)\NVIDIA Corporation\PhysX\Common;C:\windows\system32;C:\windows;C:\windows\System32\Wbem;C:\windows\System32\WindowsPowerShell\v1.0;C:\windows\System32\OpenSSH;C:\Program Files\NVIDIA Corporation\NVIDIA NvDLISR;C:\Program Files\Git\cmd;C:\WINDOWS\system32;C:\WINDOWS;C:\WINDOWS\System32\Wbem;C:\WINDOWS\System32\WindowsPowerShell\v1.0;C:\WINDOWS\System32\OpenSSH;C:\Program Files\nodejs;C:\Program Files\skaffold;C:\Program Files\kubectl;C:\Program Files\Docker\Docker\resources\bin;C:\ProgramData\DockerDesktop\version-bin;C:\Users\under\AppData\Local\Microsoft\WindowsApps;C:\Program Files\JetBrains\WebStorm 2020.1.2\bin;C:\Users\under\AppData\Roaming\npm

Yarn version: 
  1.22.5

Node version: 
  12.18.1

Platform: 
  win32 x64

Trace: 
  Error: EPERM: operation not permitted, unlink 'C:\projects\timer\node_modules\.bin\yarn'

npm manifest: 
  {
    "name": "timer",
    "version": "1.0.0",
    "description": "",
    "main": "index.js",
    "scripts": {
      "test": "echo \"Error: no test specified\" && exit 1"
    },
    "author": "",
    "license": "ISC",
    "dependencies": {
      "smart-timeout": "^2.5.0",
      "tiny-timer": "^1.5.0",
      "typescript": "^4.0.2",
      "yarn": "^1.22.5"
    }
  }

yarn manifest: 
  No manifest

Lockfile: 
  # THIS IS AN AUTOGENERATED FILE. DO NOT EDIT THIS FILE DIRECTLY.
  # yarn lockfile v1
  
  
  smart-timeout@^2.5.0:
    version "2.5.0"
    resolved "https://registry.yarnpkg.com/smart-timeout/-/smart-timeout-2.5.0.tgz#c7f271a257f44cebb6ed5305a04408abf62127f0"
    integrity sha512-GnTmZEW5wufNvo5XXARlGCVPhWgytaFUTN1xK4tSplnDsmRhQ36ojjvVtcXLQt1+uBZ/7Aja+1VAwonzCe+YTA==
  
  tiny-timer@^1.5.0:
    version "1.5.0"
    resolved "https://registry.yarnpkg.com/tiny-timer/-/tiny-timer-1.5.0.tgz#fc0bf0dd4e4df445dd1330e044b725354322762a"
    integrity sha512-J5IttevqhN0XEWx4ZY6yyah5lfrK2aZhduHYefTMF5Mq2An5KZgYcZax8NJRoGTChgA8BzZn2ZumzPPaHarIKA==
  
  typescript@^4.0.2:
    version "4.0.2"
    resolved "https://registry.yarnpkg.com/typescript/-/typescript-4.0.2.tgz#7ea7c88777c723c681e33bf7988be5d008d05ac2"
    integrity sha512-e4ERvRV2wb+rRZ/IQeb3jm2VxBsirQLpQhdxplZ2MEzGvDkkMmPglecnNDfSUBivMjP93vRbngYYDQqQ/78bcQ==
  
  yarn@^1.22.5:
    version "1.22.5"
    resolved "https://registry.yarnpkg.com/yarn/-/yarn-1.22.5.tgz#1933b7635429ca00847222dd9d38f05646e2df23"
    integrity sha512-5uzKXwdMc++mYktXqkfpNYT9tY8ViWegU58Hgbo+KXzrzzhEyP1Ip+BTtXloLrXNcNlxFJbLiFKGaS9vK9ym6Q==
